[25-Sep-2017 17:13:15 UTC] PHP Fatal error:  Class 'Symfony\Components\HttpFoundation\Response' not found in /home/ubuntu/workspace/symfony_first/src/AppBundle/Controller/LessonController.php on line 11
[25-Sep-2017 17:13:15 UTC] PHP Stack trace:
[25-Sep-2017 17:13:15 UTC] PHP   1. {main}() /home/ubuntu/workspace/symfony_first/web/app.php:0
[25-Sep-2017 17:13:15 UTC] PHP   2. Symfony\Component\HttpKernel\Kernel->handle() /home/ubuntu/workspace/symfony_first/web/app.php:20
[25-Sep-2017 17:13:15 UTC] PHP   3. Symfony\Component\HttpKernel\HttpKernel->handle() /home/ubuntu/workspace/symfony_first/vendor/symfony/symfony/src/Symfony/Component/HttpKernel/Kernel.php:171
[25-Sep-2017 17:13:15 UTC] PHP   4. Symfony\Component\HttpKernel\HttpKernel->handleRaw() /home/ubuntu/workspace/symfony_first/var/cache/dev/classes.php:4446
[25-Sep-2017 17:13:15 UTC] PHP   5. call_user_func_array:{/home/ubuntu/workspace/symfony_first/var/cache/dev/classes.php:4491}() /home/ubuntu/workspace/symfony_first/var/cache/dev/classes.php:4491
[25-Sep-2017 17:13:15 UTC] PHP   6. AppBundle\Controller\LessonController->welcomeAction() /home/ubuntu/workspace/symfony_first/var/cache/dev/classes.php:4491
[25-Sep-2017 17:13:32 UTC] PHP Fatal error:  Class 'Symfony\Components\HttpFoundation\Response' not found in /home/ubuntu/workspace/symfony_first/src/AppBundle/Controller/LessonController.php on line 11
[25-Sep-2017 17:13:32 UTC] PHP Stack trace:
[25-Sep-2017 17:13:32 UTC] PHP   1. {main}() /home/ubuntu/workspace/symfony_first/web/app.php:0
[25-Sep-2017 17:13:32 UTC] PHP   2. Symfony\Component\HttpKernel\Kernel->handle() /home/ubuntu/workspace/symfony_first/web/app.php:20
[25-Sep-2017 17:13:32 UTC] PHP   3. Symfony\Component\HttpKernel\HttpKernel->handle() /home/ubuntu/workspace/symfony_first/vendor/symfony/symfony/src/Symfony/Component/HttpKernel/Kernel.php:171
[25-Sep-2017 17:13:32 UTC] PHP   4. Symfony\Component\HttpKernel\HttpKernel->handleRaw() /home/ubuntu/workspace/symfony_first/var/cache/dev/classes.php:4446
[25-Sep-2017 17:13:32 UTC] PHP   5. call_user_func_array:{/home/ubuntu/workspace/symfony_first/var/cache/dev/classes.php:4491}() /home/ubuntu/workspace/symfony_first/var/cache/dev/classes.php:4491
[25-Sep-2017 17:13:32 UTC] PHP   6. AppBundle\Controller\LessonController->welcomeAction() /home/ubuntu/workspace/symfony_first/var/cache/dev/classes.php:4491
[25-Sep-2017 17:14:35 UTC] PHP Fatal error:  Class 'Symfony\Components\HttpFoundation\Response' not found in /home/ubuntu/workspace/symfony_first/src/AppBundle/Controller/LessonController.php on line 11
[25-Sep-2017 17:14:35 UTC] PHP Stack trace:
[25-Sep-2017 17:14:35 UTC] PHP   1. {main}() /home/ubuntu/workspace/symfony_first/web/app.php:0
[25-Sep-2017 17:14:35 UTC] PHP   2. Symfony\Component\HttpKernel\Kernel->handle() /home/ubuntu/workspace/symfony_first/web/app.php:20
[25-Sep-2017 17:14:35 UTC] PHP   3. Symfony\Component\HttpKernel\HttpKernel->handle() /home/ubuntu/workspace/symfony_first/vendor/symfony/symfony/src/Symfony/Component/HttpKernel/Kernel.php:171
[25-Sep-2017 17:14:35 UTC] PHP   4. Symfony\Component\HttpKernel\HttpKernel->handleRaw() /home/ubuntu/workspace/symfony_first/var/cache/dev/classes.php:4446
[25-Sep-2017 17:14:35 UTC] PHP   5. call_user_func_array:{/home/ubuntu/workspace/symfony_first/var/cache/dev/classes.php:4491}() /home/ubuntu/workspace/symfony_first/var/cache/dev/classes.php:4491
[25-Sep-2017 17:14:35 UTC] PHP   6. AppBundle\Controller\LessonController->welcomeAction() /home/ubuntu/workspace/symfony_first/var/cache/dev/classes.php:4491
[25-Sep-2017 17:14:43 UTC] PHP Fatal error:  Class 'Symfony\Components\HttpFoundation\Response' not found in /home/ubuntu/workspace/symfony_first/src/AppBundle/Controller/LessonController.php on line 11
[25-Sep-2017 17:14:43 UTC] PHP Stack trace:
[25-Sep-2017 17:14:43 UTC] PHP   1. {main}() /home/ubuntu/workspace/symfony_first/web/app.php:0
[25-Sep-2017 17:14:43 UTC] PHP   2. Symfony\Component\HttpKernel\Kernel->handle() /home/ubuntu/workspace/symfony_first/web/app.php:20
[25-Sep-2017 17:14:43 UTC] PHP   3. Symfony\Component\HttpKernel\HttpKernel->handle() /home/ubuntu/workspace/symfony_first/vendor/symfony/symfony/src/Symfony/Component/HttpKernel/Kernel.php:171
[25-Sep-2017 17:14:43 UTC] PHP   4. Symfony\Component\HttpKernel\HttpKernel->handleRaw() /home/ubuntu/workspace/symfony_first/var/cache/dev/classes.php:4446
[25-Sep-2017 17:14:43 UTC] PHP   5. call_user_func_array:{/home/ubuntu/workspace/symfony_first/var/cache/dev/classes.php:4491}() /home/ubuntu/workspace/symfony_first/var/cache/dev/classes.php:4491
[25-Sep-2017 17:14:43 UTC] PHP   6. AppBundle\Controller\LessonController->welcomeAction() /home/ubuntu/workspace/symfony_first/var/cache/dev/classes.php:4491
[25-Sep-2017 17:15:00 UTC] PHP Fatal error:  Class 'Symfony\Components\HttpFoundation\Response' not found in /home/ubuntu/workspace/symfony_first/src/AppBundle/Controller/LessonController.php on line 11
[25-Sep-2017 17:15:00 UTC] PHP Stack trace:
[25-Sep-2017 17:15:00 UTC] PHP   1. {main}() /home/ubuntu/workspace/symfony_first/web/app.php:0
[25-Sep-2017 17:15:00 UTC] PHP   2. Symfony\Component\HttpKernel\Kernel->handle() /home/ubuntu/workspace/symfony_first/web/app.php:20
[25-Sep-2017 17:15:00 UTC] PHP   3. Symfony\Component\HttpKernel\HttpKernel->handle() /home/ubuntu/workspace/symfony_first/vendor/symfony/symfony/src/Symfony/Component/HttpKernel/Kernel.php:171
[25-Sep-2017 17:15:00 UTC] PHP   4. Symfony\Component\HttpKernel\HttpKernel->handleRaw() /home/ubuntu/workspace/symfony_first/var/cache/dev/classes.php:4446
[25-Sep-2017 17:15:00 UTC] PHP   5. call_user_func_array:{/home/ubuntu/workspace/symfony_first/var/cache/dev/classes.php:4491}() /home/ubuntu/workspace/symfony_first/var/cache/dev/classes.php:4491
[25-Sep-2017 17:15:00 UTC] PHP   6. AppBundle\Controller\LessonController->welcomeAction() /home/ubuntu/workspace/symfony_first/var/cache/dev/classes.php:4491
[25-Sep-2017 17:15:46 UTC] PHP Fatal error:  Class 'Symfony\Components\HttpFoundation\Response' not found in /home/ubuntu/workspace/symfony_first/src/AppBundle/Controller/LessonController.php on line 11
[25-Sep-2017 17:15:46 UTC] PHP Stack trace:
[25-Sep-2017 17:15:46 UTC] PHP   1. {main}() /home/ubuntu/workspace/symfony_first/web/app.php:0
[25-Sep-2017 17:15:46 UTC] PHP   2. Symfony\Component\HttpKernel\Kernel->handle() /home/ubuntu/workspace/symfony_first/web/app.php:20
[25-Sep-2017 17:15:46 UTC] PHP   3. Symfony\Component\HttpKernel\HttpKernel->handle() /home/ubuntu/workspace/symfony_first/vendor/symfony/symfony/src/Symfony/Component/HttpKernel/Kernel.php:171
[25-Sep-2017 17:15:46 UTC] PHP   4. Symfony\Component\HttpKernel\HttpKernel->handleRaw() /home/ubuntu/workspace/symfony_first/var/cache/dev/classes.php:4446
[25-Sep-2017 17:15:46 UTC] PHP   5. call_user_func_array:{/home/ubuntu/workspace/symfony_first/var/cache/dev/classes.php:4491}() /home/ubuntu/workspace/symfony_first/var/cache/dev/classes.php:4491
[25-Sep-2017 17:15:46 UTC] PHP   6. AppBundle\Controller\LessonController->welcomeAction() /home/ubuntu/workspace/symfony_first/var/cache/dev/classes.php:4491
[25-Sep-2017 17:15:48 UTC] PHP Fatal error:  Class 'Symfony\Components\HttpFoundation\Response' not found in /home/ubuntu/workspace/symfony_first/src/AppBundle/Controller/LessonController.php on line 11
[25-Sep-2017 17:15:48 UTC] PHP Stack trace:
[25-Sep-2017 17:15:48 UTC] PHP   1. {main}() /home/ubuntu/workspace/symfony_first/web/app.php:0
[25-Sep-2017 17:15:48 UTC] PHP   2. Symfony\Component\HttpKernel\Kernel->handle() /home/ubuntu/workspace/symfony_first/web/app.php:20
[25-Sep-2017 17:15:48 UTC] PHP   3. Symfony\Component\HttpKernel\HttpKernel->handle() /home/ubuntu/workspace/symfony_first/vendor/symfony/symfony/src/Symfony/Component/HttpKernel/Kernel.php:171
[25-Sep-2017 17:15:48 UTC] PHP   4. Symfony\Component\HttpKernel\HttpKernel->handleRaw() /home/ubuntu/workspace/symfony_first/var/cache/dev/classes.php:4446
[25-Sep-2017 17:15:48 UTC] PHP   5. call_user_func_array:{/home/ubuntu/workspace/symfony_first/var/cache/dev/classes.php:4491}() /home/ubuntu/workspace/symfony_first/var/cache/dev/classes.php:4491
[25-Sep-2017 17:15:48 UTC] PHP   6. AppBundle\Controller\LessonController->welcomeAction() /home/ubuntu/workspace/symfony_first/var/cache/dev/classes.php:4491
[25-Sep-2017 17:16:20 UTC] PHP Fatal error:  Class 'Symfony\Components\HttpFoundation\Response' not found in /home/ubuntu/workspace/symfony_first/src/AppBundle/Controller/LessonController.php on line 11
[25-Sep-2017 17:16:20 UTC] PHP Stack trace:
[25-Sep-2017 17:16:20 UTC] PHP   1. {main}() /home/ubuntu/workspace/symfony_first/web/app.php:0
[25-Sep-2017 17:16:20 UTC] PHP   2. Symfony\Component\HttpKernel\Kernel->handle() /home/ubuntu/workspace/symfony_first/web/app.php:20
[25-Sep-2017 17:16:20 UTC] PHP   3. Symfony\Component\HttpKernel\HttpKernel->handle() /home/ubuntu/workspace/symfony_first/vendor/symfony/symfony/src/Symfony/Component/HttpKernel/Kernel.php:171
[25-Sep-2017 17:16:20 UTC] PHP   4. Symfony\Component\HttpKernel\HttpKernel->handleRaw() /home/ubuntu/workspace/symfony_first/var/cache/dev/classes.php:4446
[25-Sep-2017 17:16:20 UTC] PHP   5. call_user_func_array:{/home/ubuntu/workspace/symfony_first/var/cache/dev/classes.php:4491}() /home/ubuntu/workspace/symfony_first/var/cache/dev/classes.php:4491
[25-Sep-2017 17:16:20 UTC] PHP   6. AppBundle\Controller\LessonController->welcomeAction() /home/ubuntu/workspace/symfony_first/var/cache/dev/classes.php:4491
[25-Sep-2017 17:17:33 UTC] PHP Fatal error:  Class 'Symfony\Components\HttpFoundation\Response' not found in /home/ubuntu/workspace/symfony_first/src/AppBundle/Controller/LessonController.php on line 11
[25-Sep-2017 17:17:33 UTC] PHP Stack trace:
[25-Sep-2017 17:17:33 UTC] PHP   1. {main}() /home/ubuntu/workspace/symfony_first/web/app.php:0
[25-Sep-2017 17:17:33 UTC] PHP   2. Symfony\Component\HttpKernel\Kernel->handle() /home/ubuntu/workspace/symfony_first/web/app.php:20
[25-Sep-2017 17:17:33 UTC] PHP   3. Symfony\Component\HttpKernel\HttpKernel->handle() /home/ubuntu/workspace/symfony_first/vendor/symfony/symfony/src/Symfony/Component/HttpKernel/Kernel.php:171
[25-Sep-2017 17:17:33 UTC] PHP   4. Symfony\Component\HttpKernel\HttpKernel->handleRaw() /home/ubuntu/workspace/symfony_first/var/cache/dev/classes.php:4446
[25-Sep-2017 17:17:33 UTC] PHP   5. call_user_func_array:{/home/ubuntu/workspace/symfony_first/var/cache/dev/classes.php:4491}() /home/ubuntu/workspace/symfony_first/var/cache/dev/classes.php:4491
[25-Sep-2017 17:17:33 UTC] PHP   6. AppBundle\Controller\LessonController->welcomeAction() /home/ubuntu/workspace/symfony_first/var/cache/dev/classes.php:4491
[25-Sep-2017 17:18:17 UTC] PHP Fatal error:  Class 'Symfony\Components\HttpFoundation\Response' not found in /home/ubuntu/workspace/symfony_first/src/AppBundle/Controller/LessonController.php on line 11
[25-Sep-2017 17:18:17 UTC] PHP Stack trace:
[25-Sep-2017 17:18:17 UTC] PHP   1. {main}() /home/ubuntu/workspace/symfony_first/web/app.php:0
[25-Sep-2017 17:18:17 UTC] PHP   2. Symfony\Component\HttpKernel\Kernel->handle() /home/ubuntu/workspace/symfony_first/web/app.php:20
[25-Sep-2017 17:18:17 UTC] PHP   3. Symfony\Component\HttpKernel\HttpKernel->handle() /home/ubuntu/workspace/symfony_first/vendor/symfony/symfony/src/Symfony/Component/HttpKernel/Kernel.php:171
[25-Sep-2017 17:18:17 UTC] PHP   4. Symfony\Component\HttpKernel\HttpKernel->handleRaw() /home/ubuntu/workspace/symfony_first/var/cache/dev/classes.php:4446
[25-Sep-2017 17:18:17 UTC] PHP   5. call_user_func_array:{/home/ubuntu/workspace/symfony_first/var/cache/dev/classes.php:4491}() /home/ubuntu/workspace/symfony_first/var/cache/dev/classes.php:4491
[25-Sep-2017 17:18:17 UTC] PHP   6. AppBundle\Controller\LessonController->welcomeAction() /home/ubuntu/workspace/symfony_first/var/cache/dev/classes.php:4491
[25-Sep-2017 17:18:18 UTC] PHP Fatal error:  Class 'Symfony\Components\HttpFoundation\Response' not found in /home/ubuntu/workspace/symfony_first/src/AppBundle/Controller/LessonController.php on line 11
[25-Sep-2017 17:18:18 UTC] PHP Stack trace:
[25-Sep-2017 17:18:18 UTC] PHP   1. {main}() /home/ubuntu/workspace/symfony_first/web/app.php:0
[25-Sep-2017 17:18:18 UTC] PHP   2. Symfony\Component\HttpKernel\Kernel->handle() /home/ubuntu/workspace/symfony_first/web/app.php:20
[25-Sep-2017 17:18:18 UTC] PHP   3. Symfony\Component\HttpKernel\HttpKernel->handle() /home/ubuntu/workspace/symfony_first/vendor/symfony/symfony/src/Symfony/Component/HttpKernel/Kernel.php:171
[25-Sep-2017 17:18:18 UTC] PHP   4. Symfony\Component\HttpKernel\HttpKernel->handleRaw() /home/ubuntu/workspace/symfony_first/var/cache/dev/classes.php:4446
[25-Sep-2017 17:18:18 UTC] PHP   5. call_user_func_array:{/home/ubuntu/workspace/symfony_first/var/cache/dev/classes.php:4491}() /home/ubuntu/workspace/symfony_first/var/cache/dev/classes.php:4491
[25-Sep-2017 17:18:18 UTC] PHP   6. AppBundle\Controller\LessonController->welcomeAction() /home/ubuntu/workspace/symfony_first/var/cache/dev/classes.php:4491
[25-Sep-2017 17:18:31 UTC] PHP Fatal error:  Class 'Symfony\Components\HttpsFoundation\Response' not found in /home/ubuntu/workspace/symfony_first/src/AppBundle/Controller/LessonController.php on line 11
[25-Sep-2017 17:18:31 UTC] PHP Stack trace:
[25-Sep-2017 17:18:31 UTC] PHP   1. {main}() /home/ubuntu/workspace/symfony_first/web/app.php:0
[25-Sep-2017 17:18:31 UTC] PHP   2. Symfony\Component\HttpKernel\Kernel->handle() /home/ubuntu/workspace/symfony_first/web/app.php:20
[25-Sep-2017 17:18:31 UTC] PHP   3. Symfony\Component\HttpKernel\HttpKernel->handle() /home/ubuntu/workspace/symfony_first/vendor/symfony/symfony/src/Symfony/Component/HttpKernel/Kernel.php:171
[25-Sep-2017 17:18:31 UTC] PHP   4. Symfony\Component\HttpKernel\HttpKernel->handleRaw() /home/ubuntu/workspace/symfony_first/var/cache/dev/classes.php:4446
[25-Sep-2017 17:18:31 UTC] PHP   5. call_user_func_array:{/home/ubuntu/workspace/symfony_first/var/cache/dev/classes.php:4491}() /home/ubuntu/workspace/symfony_first/var/cache/dev/classes.php:4491
[25-Sep-2017 17:18:31 UTC] PHP   6. AppBundle\Controller\LessonController->welcomeAction() /home/ubuntu/workspace/symfony_first/var/cache/dev/classes.php:4491
[25-Sep-2017 17:18:32 UTC] PHP Fatal error:  Class 'Symfony\Components\HttpsFoundation\Response' not found in /home/ubuntu/workspace/symfony_first/src/AppBundle/Controller/LessonController.php on line 11
[25-Sep-2017 17:18:32 UTC] PHP Stack trace:
[25-Sep-2017 17:18:32 UTC] PHP   1. {main}() /home/ubuntu/workspace/symfony_first/web/app.php:0
[25-Sep-2017 17:18:32 UTC] PHP   2. Symfony\Component\HttpKernel\Kernel->handle() /home/ubuntu/workspace/symfony_first/web/app.php:20
[25-Sep-2017 17:18:32 UTC] PHP   3. Symfony\Component\HttpKernel\HttpKernel->handle() /home/ubuntu/workspace/symfony_first/vendor/symfony/symfony/src/Symfony/Component/HttpKernel/Kernel.php:171
[25-Sep-2017 17:18:32 UTC] PHP   4. Symfony\Component\HttpKernel\HttpKernel->handleRaw() /home/ubuntu/workspace/symfony_first/var/cache/dev/classes.php:4446
[25-Sep-2017 17:18:32 UTC] PHP   5. call_user_func_array:{/home/ubuntu/workspace/symfony_first/var/cache/dev/classes.php:4491}() /home/ubuntu/workspace/symfony_first/var/cache/dev/classes.php:4491
[25-Sep-2017 17:18:32 UTC] PHP   6. AppBundle\Controller\LessonController->welcomeAction() /home/ubuntu/workspace/symfony_first/var/cache/dev/classes.php:4491
[25-Sep-2017 17:18:36 UTC] PHP Fatal error:  Class 'Symfony\Components\HttpsFoundation\Response' not found in /home/ubuntu/workspace/symfony_first/src/AppBundle/Controller/LessonController.php on line 11
[25-Sep-2017 17:18:36 UTC] PHP Stack trace:
[25-Sep-2017 17:18:36 UTC] PHP   1. {main}() /home/ubuntu/workspace/symfony_first/web/app.php:0
[25-Sep-2017 17:18:36 UTC] PHP   2. Symfony\Component\HttpKernel\Kernel->handle() /home/ubuntu/workspace/symfony_first/web/app.php:20
[25-Sep-2017 17:18:36 UTC] PHP   3. Symfony\Component\HttpKernel\HttpKernel->handle() /home/ubuntu/workspace/symfony_first/vendor/symfony/symfony/src/Symfony/Component/HttpKernel/Kernel.php:171
[25-Sep-2017 17:18:36 UTC] PHP   4. Symfony\Component\HttpKernel\HttpKernel->handleRaw() /home/ubuntu/workspace/symfony_first/var/cache/dev/classes.php:4446
[25-Sep-2017 17:18:36 UTC] PHP   5. call_user_func_array:{/home/ubuntu/workspace/symfony_first/var/cache/dev/classes.php:4491}() /home/ubuntu/workspace/symfony_first/var/cache/dev/classes.php:4491
[25-Sep-2017 17:18:36 UTC] PHP   6. AppBundle\Controller\LessonController->welcomeAction() /home/ubuntu/workspace/symfony_first/var/cache/dev/classes.php:4491
[25-Sep-2017 17:18:38 UTC] PHP Fatal error:  Class 'Symfony\Components\HttpsFoundation\Response' not found in /home/ubuntu/workspace/symfony_first/src/AppBundle/Controller/LessonController.php on line 11
[25-Sep-2017 17:18:38 UTC] PHP Stack trace:
[25-Sep-2017 17:18:38 UTC] PHP   1. {main}() /home/ubuntu/workspace/symfony_first/web/app.php:0
[25-Sep-2017 17:18:38 UTC] PHP   2. Symfony\Component\HttpKernel\Kernel->handle() /home/ubuntu/workspace/symfony_first/web/app.php:20
[25-Sep-2017 17:18:38 UTC] PHP   3. Symfony\Component\HttpKernel\HttpKernel->handle() /home/ubuntu/workspace/symfony_first/vendor/symfony/symfony/src/Symfony/Component/HttpKernel/Kernel.php:171
[25-Sep-2017 17:18:38 UTC] PHP   4. Symfony\Component\HttpKernel\HttpKernel->handleRaw() /home/ubuntu/workspace/symfony_first/var/cache/dev/classes.php:4446
[25-Sep-2017 17:18:38 UTC] PHP   5. call_user_func_array:{/home/ubuntu/workspace/symfony_first/var/cache/dev/classes.php:4491}() /home/ubuntu/workspace/symfony_first/var/cache/dev/classes.php:4491
[25-Sep-2017 17:18:38 UTC] PHP   6. AppBundle\Controller\LessonController->welcomeAction() /home/ubuntu/workspace/symfony_first/var/cache/dev/classes.php:4491
[25-Sep-2017 17:18:46 UTC] PHP Fatal error:  Class 'AppBundle\Controller\Response' not found in /home/ubuntu/workspace/symfony_first/src/AppBundle/Controller/LessonController.php on line 11
[25-Sep-2017 17:18:46 UTC] PHP Stack trace:
[25-Sep-2017 17:18:46 UTC] PHP   1. {main}() /home/ubuntu/workspace/symfony_first/web/app.php:0
[25-Sep-2017 17:18:46 UTC] PHP   2. Symfony\Component\HttpKernel\Kernel->handle() /home/ubuntu/workspace/symfony_first/web/app.php:20
[25-Sep-2017 17:18:46 UTC] PHP   3. Symfony\Component\HttpKernel\HttpKernel->handle() /home/ubuntu/workspace/symfony_first/vendor/symfony/symfony/src/Symfony/Component/HttpKernel/Kernel.php:171
[25-Sep-2017 17:18:46 UTC] PHP   4. Symfony\Component\HttpKernel\HttpKernel->handleRaw() /home/ubuntu/workspace/symfony_first/var/cache/dev/classes.php:4446
[25-Sep-2017 17:18:46 UTC] PHP   5. call_user_func_array:{/home/ubuntu/workspace/symfony_first/var/cache/dev/classes.php:4491}() /home/ubuntu/workspace/symfony_first/var/cache/dev/classes.php:4491
[25-Sep-2017 17:18:46 UTC] PHP   6. AppBundle\Controller\LessonController->welcomeAction() /home/ubuntu/workspace/symfony_first/var/cache/dev/classes.php:4491
[25-Sep-2017 17:18:48 UTC] PHP Fatal error:  Class 'AppBundle\Controller\Response' not found in /home/ubuntu/workspace/symfony_first/src/AppBundle/Controller/LessonController.php on line 11
[25-Sep-2017 17:18:48 UTC] PHP Stack trace:
[25-Sep-2017 17:18:48 UTC] PHP   1. {main}() /home/ubuntu/workspace/symfony_first/web/app.php:0
[25-Sep-2017 17:18:48 UTC] PHP   2. Symfony\Component\HttpKernel\Kernel->handle() /home/ubuntu/workspace/symfony_first/web/app.php:20
[25-Sep-2017 17:18:48 UTC] PHP   3. Symfony\Component\HttpKernel\HttpKernel->handle() /home/ubuntu/workspace/symfony_first/vendor/symfony/symfony/src/Symfony/Component/HttpKernel/Kernel.php:171
[25-Sep-2017 17:18:48 UTC] PHP   4. Symfony\Component\HttpKernel\HttpKernel->handleRaw() /home/ubuntu/workspace/symfony_first/var/cache/dev/classes.php:4446
[25-Sep-2017 17:18:48 UTC] PHP   5. call_user_func_array:{/home/ubuntu/workspace/symfony_first/var/cache/dev/classes.php:4491}() /home/ubuntu/workspace/symfony_first/var/cache/dev/classes.php:4491
[25-Sep-2017 17:18:48 UTC] PHP   6. AppBundle\Controller\LessonController->welcomeAction() /home/ubuntu/workspace/symfony_first/var/cache/dev/classes.php:4491
[25-Sep-2017 17:20:01 UTC] PHP Fatal error:  Class 'Symfony\Components\HttpFoundation\Response' not found in /home/ubuntu/workspace/symfony_first/src/AppBundle/Controller/LessonController.php on line 12
[25-Sep-2017 17:20:01 UTC] PHP Stack trace:
[25-Sep-2017 17:20:01 UTC] PHP   1. {main}() /home/ubuntu/workspace/symfony_first/web/app.php:0
[25-Sep-2017 17:20:01 UTC] PHP   2. Symfony\Component\HttpKernel\Kernel->handle() /home/ubuntu/workspace/symfony_first/web/app.php:20
[25-Sep-2017 17:20:01 UTC] PHP   3. Symfony\Component\HttpKernel\HttpKernel->handle() /home/ubuntu/workspace/symfony_first/vendor/symfony/symfony/src/Symfony/Component/HttpKernel/Kernel.php:171
[25-Sep-2017 17:20:01 UTC] PHP   4. Symfony\Component\HttpKernel\HttpKernel->handleRaw() /home/ubuntu/workspace/symfony_first/var/cache/dev/classes.php:4446
[25-Sep-2017 17:20:01 UTC] PHP   5. call_user_func_array:{/home/ubuntu/workspace/symfony_first/var/cache/dev/classes.php:4491}() /home/ubuntu/workspace/symfony_first/var/cache/dev/classes.php:4491
[25-Sep-2017 17:20:01 UTC] PHP   6. AppBundle\Controller\LessonController->welcomeAction() /home/ubuntu/workspace/symfony_first/var/cache/dev/classes.php:4491
[25-Sep-2017 17:20:02 UTC] PHP Fatal error:  Class 'Symfony\Components\HttpFoundation\Response' not found in /home/ubuntu/workspace/symfony_first/src/AppBundle/Controller/LessonController.php on line 12
[25-Sep-2017 17:20:02 UTC] PHP Stack trace:
[25-Sep-2017 17:20:02 UTC] PHP   1. {main}() /home/ubuntu/workspace/symfony_first/web/app.php:0
[25-Sep-2017 17:20:02 UTC] PHP   2. Symfony\Component\HttpKernel\Kernel->handle() /home/ubuntu/workspace/symfony_first/web/app.php:20
[25-Sep-2017 17:20:02 UTC] PHP   3. Symfony\Component\HttpKernel\HttpKernel->handle() /home/ubuntu/workspace/symfony_first/vendor/symfony/symfony/src/Symfony/Component/HttpKernel/Kernel.php:171
[25-Sep-2017 17:20:02 UTC] PHP   4. Symfony\Component\HttpKernel\HttpKernel->handleRaw() /home/ubuntu/workspace/symfony_first/var/cache/dev/classes.php:4446
[25-Sep-2017 17:20:02 UTC] PHP   5. call_user_func_array:{/home/ubuntu/workspace/symfony_first/var/cache/dev/classes.php:4491}() /home/ubuntu/workspace/symfony_first/var/cache/dev/classes.php:4491
[25-Sep-2017 17:20:02 UTC] PHP   6. AppBundle\Controller\LessonController->welcomeAction() /home/ubuntu/workspace/symfony_first/var/cache/dev/classes.php:4491
[25-Sep-2017 17:20:31 UTC] PHP Fatal error:  Class 'Symfony\Components\HttpFoundation\Response' not found in /home/ubuntu/workspace/symfony_first/src/AppBundle/Controller/LessonController.php on line 13
[25-Sep-2017 17:20:31 UTC] PHP Stack trace:
[25-Sep-2017 17:20:31 UTC] PHP   1. {main}() /home/ubuntu/workspace/symfony_first/web/app.php:0
[25-Sep-2017 17:20:31 UTC] PHP   2. Symfony\Component\HttpKernel\Kernel->handle() /home/ubuntu/workspace/symfony_first/web/app.php:20
[25-Sep-2017 17:20:31 UTC] PHP   3. Symfony\Component\HttpKernel\HttpKernel->handle() /home/ubuntu/workspace/symfony_first/vendor/symfony/symfony/src/Symfony/Component/HttpKernel/Kernel.php:171
[25-Sep-2017 17:20:31 UTC] PHP   4. Symfony\Component\HttpKernel\HttpKernel->handleRaw() /home/ubuntu/workspace/symfony_first/var/cache/dev/classes.php:4446
[25-Sep-2017 17:20:31 UTC] PHP   5. call_user_func_array:{/home/ubuntu/workspace/symfony_first/var/cache/dev/classes.php:4491}() /home/ubuntu/workspace/symfony_first/var/cache/dev/classes.php:4491
[25-Sep-2017 17:20:31 UTC] PHP   6. AppBundle\Controller\LessonController->welcomeAction() /home/ubuntu/workspace/symfony_first/var/cache/dev/classes.php:4491
[25-Sep-2017 17:21:06 UTC] PHP Fatal error:  Class 'Symfony\Components\HttpFoundation\Response' not found in /home/ubuntu/workspace/symfony_first/src/AppBundle/Controller/LessonController.php on line 13
[25-Sep-2017 17:21:06 UTC] PHP Stack trace:
[25-Sep-2017 17:21:06 UTC] PHP   1. {main}() /home/ubuntu/workspace/symfony_first/web/app.php:0
[25-Sep-2017 17:21:06 UTC] PHP   2. Symfony\Component\HttpKernel\Kernel->handle() /home/ubuntu/workspace/symfony_first/web/app.php:20
[25-Sep-2017 17:21:06 UTC] PHP   3. Symfony\Component\HttpKernel\HttpKernel->handle() /home/ubuntu/workspace/symfony_first/vendor/symfony/symfony/src/Symfony/Component/HttpKernel/Kernel.php:171
[25-Sep-2017 17:21:06 UTC] PHP   4. Symfony\Component\HttpKernel\HttpKernel->handleRaw() /home/ubuntu/workspace/symfony_first/vendor/symfony/symfony/src/Symfony/Component/HttpKernel/HttpKernel.php:68
[25-Sep-2017 17:21:06 UTC] PHP   5. call_user_func_array:{/home/ubuntu/workspace/symfony_first/vendor/symfony/symfony/src/Symfony/Component/HttpKernel/HttpKernel.php:153}() /home/ubuntu/workspace/symfony_first/vendor/symfony/symfony/src/Symfony/Component/HttpKernel/HttpKernel.php:153
[25-Sep-2017 17:21:06 UTC] PHP   6. AppBundle\Controller\LessonController->welcomeAction() /home/ubuntu/workspace/symfony_first/vendor/symfony/symfony/src/Symfony/Component/HttpKernel/HttpKernel.php:153
[25-Sep-2017 17:22:26 UTC] PHP Fatal error:  Class 'Symfony\Components\HttpFoundation\Response' not found in /home/ubuntu/workspace/symfony_first/src/AppBundle/Controller/LessonController.php on line 13
[25-Sep-2017 17:22:26 UTC] PHP Stack trace:
[25-Sep-2017 17:22:26 UTC] PHP   1. {main}() /home/ubuntu/workspace/symfony_first/web/app.php:0
[25-Sep-2017 17:22:26 UTC] PHP   2. Symfony\Component\HttpKernel\Kernel->handle() /home/ubuntu/workspace/symfony_first/web/app.php:20
[25-Sep-2017 17:22:26 UTC] PHP   3. Symfony\Component\HttpKernel\HttpKernel->handle() /home/ubuntu/workspace/symfony_first/vendor/symfony/symfony/src/Symfony/Component/HttpKernel/Kernel.php:171
[25-Sep-2017 17:22:26 UTC] PHP   4. Symfony\Component\HttpKernel\HttpKernel->handleRaw() /home/ubuntu/workspace/symfony_first/vendor/symfony/symfony/src/Symfony/Component/HttpKernel/HttpKernel.php:68
[25-Sep-2017 17:22:26 UTC] PHP   5. call_user_func_array:{/home/ubuntu/workspace/symfony_first/vendor/symfony/symfony/src/Symfony/Component/HttpKernel/HttpKernel.php:153}() /home/ubuntu/workspace/symfony_first/vendor/symfony/symfony/src/Symfony/Component/HttpKernel/HttpKernel.php:153
[25-Sep-2017 17:22:26 UTC] PHP   6. AppBundle\Controller\LessonController->welcomeAction() /home/ubuntu/workspace/symfony_first/vendor/symfony/symfony/src/Symfony/Component/HttpKernel/HttpKernel.php:153
[25-Sep-2017 17:22:46 UTC] PHP Fatal error:  Class 'Symfony\Components\HttpFoundation\Response' not found in /home/ubuntu/workspace/symfony_first/src/AppBundle/Controller/LessonController.php on line 13
[25-Sep-2017 17:22:46 UTC] PHP Stack trace:
[25-Sep-2017 17:22:46 UTC] PHP   1. {main}() /home/ubuntu/workspace/symfony_first/web/app.php:0
[25-Sep-2017 17:22:46 UTC] PHP   2. Symfony\Component\HttpKernel\Kernel->handle() /home/ubuntu/workspace/symfony_first/web/app.php:20
[25-Sep-2017 17:22:46 UTC] PHP   3. Symfony\Component\HttpKernel\HttpKernel->handle() /home/ubuntu/workspace/symfony_first/vendor/symfony/symfony/src/Symfony/Component/HttpKernel/Kernel.php:171
[25-Sep-2017 17:22:46 UTC] PHP   4. Symfony\Component\HttpKernel\HttpKernel->handleRaw() /home/ubuntu/workspace/symfony_first/var/cache/dev/classes.php:4446
[25-Sep-2017 17:22:46 UTC] PHP   5. call_user_func_array:{/home/ubuntu/workspace/symfony_first/var/cache/dev/classes.php:4491}() /home/ubuntu/workspace/symfony_first/var/cache/dev/classes.php:4491
[25-Sep-2017 17:22:46 UTC] PHP   6. AppBundle\Controller\LessonController->welcomeAction() /home/ubuntu/workspace/symfony_first/var/cache/dev/classes.php:4491
[25-Sep-2017 17:23:57 UTC] PHP Fatal error:  Class 'Symfony\Components\HttpFoundation\Response' not found in /home/ubuntu/workspace/symfony_first/src/AppBundle/Controller/LessonController.php on line 13
[25-Sep-2017 17:23:57 UTC] PHP Stack trace:
[25-Sep-2017 17:23:57 UTC] PHP   1. {main}() /home/ubuntu/workspace/symfony_first/web/app.php:0
[25-Sep-2017 17:23:57 UTC] PHP   2. Symfony\Component\HttpKernel\Kernel->handle() /home/ubuntu/workspace/symfony_first/web/app.php:20
[25-Sep-2017 17:23:57 UTC] PHP   3. Symfony\Component\HttpKernel\HttpKernel->handle() /home/ubuntu/workspace/symfony_first/vendor/symfony/symfony/src/Symfony/Component/HttpKernel/Kernel.php:171
[25-Sep-2017 17:23:57 UTC] PHP   4. Symfony\Component\HttpKernel\HttpKernel->handleRaw() /home/ubuntu/workspace/symfony_first/vendor/symfony/symfony/src/Symfony/Component/HttpKernel/HttpKernel.php:68
[25-Sep-2017 17:23:57 UTC] PHP   5. call_user_func_array:{/home/ubuntu/workspace/symfony_first/vendor/symfony/symfony/src/Symfony/Component/HttpKernel/HttpKernel.php:153}() /home/ubuntu/workspace/symfony_first/vendor/symfony/symfony/src/Symfony/Component/HttpKernel/HttpKernel.php:153
[25-Sep-2017 17:23:57 UTC] PHP   6. AppBundle\Controller\LessonController->welcomeAction() /home/ubuntu/workspace/symfony_first/vendor/symfony/symfony/src/Symfony/Component/HttpKernel/HttpKernel.php:153
[25-Sep-2017 17:24:06 UTC] PHP Fatal error:  Class 'Symfony\Components\HttpFoundation\Response' not found in /home/ubuntu/workspace/symfony_first/src/AppBundle/Controller/LessonController.php on line 13
[25-Sep-2017 17:24:06 UTC] PHP Stack trace:
[25-Sep-2017 17:24:06 UTC] PHP   1. {main}() /home/ubuntu/workspace/symfony_first/web/app.php:0
[25-Sep-2017 17:24:06 UTC] PHP   2. Symfony\Component\HttpKernel\Kernel->handle() /home/ubuntu/workspace/symfony_first/web/app.php:20
[25-Sep-2017 17:24:06 UTC] PHP   3. Symfony\Component\HttpKernel\HttpKernel->handle() /home/ubuntu/workspace/symfony_first/vendor/symfony/symfony/src/Symfony/Component/HttpKernel/Kernel.php:171
[25-Sep-2017 17:24:06 UTC] PHP   4. Symfony\Component\HttpKernel\HttpKernel->handleRaw() /home/ubuntu/workspace/symfony_first/var/cache/dev/classes.php:4446
[25-Sep-2017 17:24:06 UTC] PHP   5. call_user_func_array:{/home/ubuntu/workspace/symfony_first/var/cache/dev/classes.php:4491}() /home/ubuntu/workspace/symfony_first/var/cache/dev/classes.php:4491
[25-Sep-2017 17:24:06 UTC] PHP   6. AppBundle\Controller\LessonController->welcomeAction() /home/ubuntu/workspace/symfony_first/var/cache/dev/classes.php:4491
[28-Sep-2017 14:50:11 UTC] PHP Fatal error:  Class 'ShopBundle\ShopBundle' not found in /home/ubuntu/workspace/symfony_first/app/AppKernel.php on line 19
[28-Sep-2017 14:50:11 UTC] PHP Stack trace:
[28-Sep-2017 14:50:11 UTC] PHP   1. {main}() /home/ubuntu/workspace/symfony_first/web/app.php:0
[28-Sep-2017 14:50:11 UTC] PHP   2. Symfony\Component\HttpKernel\Kernel->handle() /home/ubuntu/workspace/symfony_first/web/app.php:20
[28-Sep-2017 14:50:11 UTC] PHP   3. Symfony\Component\HttpKernel\Kernel->boot() /home/ubuntu/workspace/symfony_first/vendor/symfony/symfony/src/Symfony/Component/HttpKernel/Kernel.php:168
[28-Sep-2017 14:50:11 UTC] PHP   4. Symfony\Component\HttpKernel\Kernel->initializeBundles() /home/ubuntu/workspace/symfony_first/vendor/symfony/symfony/src/Symfony/Component/HttpKernel/Kernel.php:116
[28-Sep-2017 14:50:11 UTC] PHP   5. AppKernel->registerBundles() /home/ubuntu/workspace/symfony_first/vendor/symfony/symfony/src/Symfony/Component/HttpKernel/Kernel.php:450
[28-Sep-2017 14:51:45 UTC] PHP Fatal error:  Class 'ShopBundle\ShopBundle' not found in /home/ubuntu/workspace/symfony_first/app/AppKernel.php on line 19
[28-Sep-2017 14:51:45 UTC] PHP Stack trace:
[28-Sep-2017 14:51:45 UTC] PHP   1. {main}() /home/ubuntu/workspace/symfony_first/web/app.php:0
[28-Sep-2017 14:51:45 UTC] PHP   2. Symfony\Component\HttpKernel\Kernel->handle() /home/ubuntu/workspace/symfony_first/web/app.php:20
[28-Sep-2017 14:51:45 UTC] PHP   3. Symfony\Component\HttpKernel\Kernel->boot() /home/ubuntu/workspace/symfony_first/vendor/symfony/symfony/src/Symfony/Component/HttpKernel/Kernel.php:168
[28-Sep-2017 14:51:45 UTC] PHP   4. Symfony\Component\HttpKernel\Kernel->initializeBundles() /home/ubuntu/workspace/symfony_first/vendor/symfony/symfony/src/Symfony/Component/HttpKernel/Kernel.php:116
[28-Sep-2017 14:51:45 UTC] PHP   5. AppKernel->registerBundles() /home/ubuntu/workspace/symfony_first/vendor/symfony/symfony/src/Symfony/Component/HttpKernel/Kernel.php:450
[28-Sep-2017 14:54:09 UTC] PHP Fatal error:  Class 'ShopBundle\ShopBundle' not found in /home/ubuntu/workspace/symfony_first/app/AppKernel.php on line 19
[28-Sep-2017 14:54:09 UTC] PHP Stack trace:
[28-Sep-2017 14:54:09 UTC] PHP   1. {main}() /home/ubuntu/workspace/symfony_first/web/app.php:0
[28-Sep-2017 14:54:09 UTC] PHP   2. Symfony\Component\HttpKernel\Kernel->handle() /home/ubuntu/workspace/symfony_first/web/app.php:20
[28-Sep-2017 14:54:09 UTC] PHP   3. Symfony\Component\HttpKernel\Kernel->boot() /home/ubuntu/workspace/symfony_first/vendor/symfony/symfony/src/Symfony/Component/HttpKernel/Kernel.php:168
[28-Sep-2017 14:54:09 UTC] PHP   4. Symfony\Component\HttpKernel\Kernel->initializeBundles() /home/ubuntu/workspace/symfony_first/vendor/symfony/symfony/src/Symfony/Component/HttpKernel/Kernel.php:116
[28-Sep-2017 14:54:09 UTC] PHP   5. AppKernel->registerBundles() /home/ubuntu/workspace/symfony_first/vendor/symfony/symfony/src/Symfony/Component/HttpKernel/Kernel.php:450
[28-Sep-2017 14:55:07 UTC] PHP Fatal error:  Class 'ShopBundle\ShopBundle' not found in /home/ubuntu/workspace/symfony_first/app/AppKernel.php on line 19
[28-Sep-2017 14:55:07 UTC] PHP Stack trace:
[28-Sep-2017 14:55:07 UTC] PHP   1. {main}() /home/ubuntu/workspace/symfony_first/web/app.php:0
[28-Sep-2017 14:55:07 UTC] PHP   2. Symfony\Component\HttpKernel\Kernel->handle() /home/ubuntu/workspace/symfony_first/web/app.php:20
[28-Sep-2017 14:55:07 UTC] PHP   3. Symfony\Component\HttpKernel\Kernel->boot() /home/ubuntu/workspace/symfony_first/vendor/symfony/symfony/src/Symfony/Component/HttpKernel/Kernel.php:168
[28-Sep-2017 14:55:07 UTC] PHP   4. Symfony\Component\HttpKernel\Kernel->initializeBundles() /home/ubuntu/workspace/symfony_first/vendor/symfony/symfony/src/Symfony/Component/HttpKernel/Kernel.php:116
[28-Sep-2017 14:55:07 UTC] PHP   5. AppKernel->registerBundles() /home/ubuntu/workspace/symfony_first/vendor/symfony/symfony/src/Symfony/Component/HttpKernel/Kernel.php:450
[28-Sep-2017 14:55:11 UTC] PHP Fatal error:  Class 'ShopBundle\ShopBundle' not found in /home/ubuntu/workspace/symfony_first/app/AppKernel.php on line 19
[28-Sep-2017 14:55:11 UTC] PHP Stack trace:
[28-Sep-2017 14:55:11 UTC] PHP   1. {main}() /home/ubuntu/workspace/symfony_first/web/app.php:0
[28-Sep-2017 14:55:11 UTC] PHP   2. Symfony\Component\HttpKernel\Kernel->handle() /home/ubuntu/workspace/symfony_first/web/app.php:20
[28-Sep-2017 14:55:11 UTC] PHP   3. Symfony\Component\HttpKernel\Kernel->boot() /home/ubuntu/workspace/symfony_first/vendor/symfony/symfony/src/Symfony/Component/HttpKernel/Kernel.php:168
[28-Sep-2017 14:55:11 UTC] PHP   4. Symfony\Component\HttpKernel\Kernel->initializeBundles() /home/ubuntu/workspace/symfony_first/vendor/symfony/symfony/src/Symfony/Component/HttpKernel/Kernel.php:116
[28-Sep-2017 14:55:11 UTC] PHP   5. AppKernel->registerBundles() /home/ubuntu/workspace/symfony_first/vendor/symfony/symfony/src/Symfony/Component/HttpKernel/Kernel.php:450
